

times in msec
 clock   self+sourced   self:  sourced script
 clock   elapsed:              other lines

000.008  000.008: --- NVIM STARTING ---
000.127  000.119: event init
000.311  000.184: early init
000.831  000.520: locale set
000.885  000.054: init first window
001.416  000.531: inits 1
001.433  000.017: window checked
001.443  000.010: parsing arguments
002.032  000.094  000.094: require('vim.shared')
002.173  000.052  000.052: require('vim._meta')
002.175  000.139  000.087: require('vim._editor')
002.178  000.279  000.047: require('vim._init_packages')
002.179  000.458: init lua interpreter
004.359  002.180: expanding arguments
004.453  000.094: inits 2
004.798  000.345: init highlight
004.800  000.002: waiting for UI
007.715  002.915: done waiting for UI
007.732  000.017: init screen for UI
007.985  000.253: init default mappings
008.012  000.026: init default autocommands
011.487  000.318  000.318: sourcing /Users/beps/sw/nvim-macos/share/nvim/runtime/ftplugin.vim
012.160  000.075  000.075: sourcing /Users/beps/sw/nvim-macos/share/nvim/runtime/indent.vim
014.150  000.226  000.226: require('beps.disable_builtin')
016.288  000.528  000.528: require('packer.util')
016.329  002.125  001.598: require('packer')
016.873  000.540  000.540: require('packer.log')
017.918  000.393  000.393: require('packer.async')
018.663  000.310  000.310: require('packer.result')
018.668  000.746  000.435: require('packer.jobs')
018.675  001.759  000.620: require('packer.plugin_utils')
019.140  000.448  000.448: require('packer.snapshot')
032.895  013.285  013.285: require('impatient')
032.929  000.016  000.016: require('vim.keymap')
033.292  000.175  000.175: require('nightfox')
033.561  000.265  000.265: require('nightfox.util.deprecation')
033.684  000.119  000.119: require('nightfox.lib.deprecation')
034.208  000.083  000.083: require('nightfox.lib.collect')
034.319  000.107  000.107: require('nightfox.util')
034.547  000.555  000.365: require('nightfox.config')
034.758  000.085  000.085: require('nightfox.lib.highlight')
034.762  000.211  000.126: require('nightfox.main')
035.004  000.239  000.239: require('nightfox.override')
036.130  001.087  001.087: require('nightfox.precompiled.nvim.nordfox_compiled')
036.137  002.183  000.090: sourcing /Users/beps/.local/share/nvim/site/pack/packer/start/nightfox.nvim/colors/nordfox.vim
036.683  000.519  000.519: require('nvim-web-devicons')
036.697  000.007  000.007: require('vim.F')
040.011  000.176  000.176: require('vim.treesitter.language')
040.024  000.353  000.177: require('vim.treesitter.query')
040.833  000.107  000.107: require('vim.treesitter.languagetree')
040.882  000.295  000.188: require('vim.treesitter')
041.067  000.774  000.479: require('nvim-treesitter.parsers')
041.258  000.189  000.189: require('nvim-treesitter.utils')
041.265  001.106  000.143: require('nvim-treesitter.ts_utils')
041.273  001.246  000.140: require('nvim-treesitter.tsrange')
041.362  000.087  000.087: require('nvim-treesitter.caching')
041.375  001.876  000.190: require('nvim-treesitter.query')
041.393  002.149  000.273: require('nvim-treesitter.configs')
041.675  000.115  000.115: require('luatab')
042.002  000.088  000.088: require('nightfox.palette')
042.197  000.099  000.099: require('nightfox.lib.color')
042.277  000.077  000.077: require('nightfox.lib.shade')
042.354  000.344  000.168: require('nightfox.palette.nordfox')
042.582  000.084  000.084: require('lualine_require')
042.998  000.641  000.557: require('lualine')
045.177  000.113  000.113: require('nightfox.util.lualine')
045.343  000.077  000.077: require('nightfox.util.template')
045.347  000.165  000.088: require('nightfox.spec')
047.401  000.115  000.115: require('lualine.utils.mode')
052.427  000.106  000.106: require('lualine.extensions.nerdtree')
052.999  011.277  009.704: require('beps.lualine')
053.373  000.049  000.049: sourcing /Users/beps/.local/share/nvim/site/pack/packer/start/nvim-treesitter/autoload/nvim_treesitter.vim
053.523  000.112  000.112: require('nvim-treesitter.fold')
053.797  000.095  000.095: require('indent_blankline/utils')
053.904  000.326  000.231: require('indent_blankline')
054.256  000.079  000.079: require('gitsigns.async')
054.337  000.077  000.077: require('gitsigns.status')
054.528  000.083  000.083: require('gitsigns.debug')
054.615  000.084  000.084: require('gitsigns.util')
054.790  000.083  000.083: require('gitsigns.uv')
054.795  000.177  000.094: require('gitsigns.subprocess')
055.127  000.069  000.069: require('gitsigns.message')
055.147  000.201  000.132: require('gitsigns.config')
055.219  000.070  000.070: require('gitsigns.signs.base')
055.223  000.344  000.073: require('gitsigns.signs')
055.227  000.431  000.087: require('gitsigns.hunks')
055.237  000.897  000.124: require('gitsigns.git')
055.415  000.081  000.081: require('gitsigns.cache')
055.487  000.069  000.069: require('gitsigns.debounce')
055.557  000.067  000.067: require('gitsigns.diff')
055.575  000.336  000.120: require('gitsigns.manager')
055.662  000.085  000.085: require('gitsigns.highlight')
055.673  001.653  000.178: require('gitsigns')
056.617  000.103  000.103: require('gitsigns.signs.vimfn')
058.737  000.092  000.092: require('vim.inspect')
059.056  000.086  000.086: require('toggleterm.lazy')
059.138  000.078  000.078: require('toggleterm.constants')
059.295  000.153  000.153: require('toggleterm.terminal')
059.303  000.514  000.197: require('toggleterm')
059.480  000.084  000.084: require('toggleterm.colors')
059.567  000.085  000.085: require('toggleterm.utils')
059.576  000.270  000.102: require('toggleterm.config')
060.147  000.142  000.142: require('toggleterm.commandline')
060.502  000.310  000.310: require('vim.diagnostic')
061.126  000.275  000.275: require('fidget.log')
061.137  000.430  000.155: require('fidget')
061.363  000.179  000.179: require('fidget.spinners')
061.882  000.180  000.180: require('vim.lsp.log')
062.664  000.777  000.777: require('vim.lsp.protocol')
063.138  000.235  000.235: require('vim.lsp._snippet')
063.267  000.125  000.125: require('vim.highlight')
063.301  000.633  000.273: require('vim.lsp.util')
063.323  001.741  000.151: require('vim.lsp.handlers')
063.547  000.222  000.222: require('vim.lsp.rpc')
063.660  000.110  000.110: require('vim.lsp.sync')
063.866  000.202  000.202: require('vim.lsp.buf')
063.988  000.118  000.118: require('vim.lsp.diagnostic')
064.114  000.123  000.123: require('vim.lsp.codelens')
064.228  002.860  000.345: require('vim.lsp')
064.414  000.144  000.144: require('lspkind')
065.102  000.105  000.105: require('luasnip.session')
065.253  000.148  000.148: require('luasnip.util.util')
065.344  000.087  000.087: require('luasnip.util.types')
065.525  000.089  000.089: require('luasnip.util.ext_opts')
065.530  000.183  000.094: require('luasnip.nodes.util')
065.615  000.083  000.083: require('luasnip.util.events')
065.629  000.813  000.207: require('luasnip.nodes.node')
065.926  000.089  000.089: require('luasnip.util.extend_decorator')
065.937  000.307  000.218: require('luasnip.nodes.insertNode')
066.070  000.131  000.131: require('luasnip.nodes.textNode')
066.216  000.142  000.142: require('luasnip.util.mark')
066.883  000.565  000.565: require('luasnip.util._builtin_vars')
067.103  000.884  000.320: require('luasnip.util.environ')
067.221  000.114  000.114: require('luasnip.util.pattern_tokenizer')
067.316  000.092  000.092: require('luasnip.util.dict')
067.434  000.115  000.115: require('luasnip.session.snippet_collection')
067.543  002.940  000.342: require('luasnip.nodes.snippet')
067.772  000.091  000.091: require('luasnip.loaders._caches')
067.905  000.130  000.130: require('luasnip.util.path')
067.937  000.391  000.170: require('luasnip.loaders')
068.107  000.143  000.143: require('luasnip.nodes.functionNode')
068.269  000.159  000.159: require('luasnip.nodes.choiceNode')
068.434  000.163  000.163: require('luasnip.nodes.dynamicNode')
068.584  000.147  000.147: require('luasnip.nodes.restoreNode')
068.907  000.100  000.100: require('luasnip.util.parser.neovim_ast')
071.245  001.262  001.262: require('luasnip.util.directed_graph')
071.281  002.580  001.218: require('luasnip.util.parser.ast_utils')
071.937  000.326  000.326: require('luasnip.util.functions')
071.973  000.614  000.288: require('luasnip.util.parser.ast_parser')
072.473  000.499  000.499: require('luasnip.util.parser.neovim_parser')
072.637  000.160  000.160: require('luasnip.util.str')
072.660  004.071  000.218: require('luasnip.util.parser')
073.082  000.232  000.232: require('luasnip.extras.filetype_functions')
073.461  000.268  000.268: require('luasnip.extras')
073.670  000.203  000.203: require('luasnip.extras.fmt')
074.186  000.187  000.187: require('luasnip.extras.conditions')
074.317  000.127  000.127: require('luasnip.extras.conditions.show')
074.423  000.605  000.291: require('luasnip.extras.conditions.expand')
074.426  000.753  000.148: require('luasnip.extras.expand_conditions')
074.581  000.151  000.151: require('luasnip.nodes.absolute_indexer')
075.050  002.388  000.780: require('luasnip.config')
075.056  010.599  000.198: require('luasnip')
075.528  000.086  000.086: require('cmp.utils.debug')
075.746  000.136  000.136: require('cmp.utils.char')
075.756  000.223  000.087: require('cmp.utils.str')
075.839  000.082  000.082: require('cmp.utils.pattern')
076.089  000.081  000.081: require('cmp.utils.misc')
076.161  000.069  000.069: require('cmp.utils.buffer')
076.243  000.080  000.080: require('cmp.utils.api')
076.250  000.330  000.100: require('cmp.utils.keymap')
076.255  000.413  000.083: require('cmp.utils.feedkeys')
076.341  000.084  000.084: require('cmp.utils.async')
076.551  000.070  000.070: require('cmp.types.cmp')
076.654  000.100  000.100: require('cmp.types.lsp')
076.723  000.066  000.066: require('cmp.types.vim')
076.726  000.310  000.074: require('cmp.types')
076.796  000.069  000.069: require('cmp.utils.cache')
076.801  000.457  000.078: require('cmp.context')
077.053  000.082  000.082: require('cmp.config.mapping')
077.219  000.083  000.083: require('cmp.config.compare')
077.222  000.165  000.082: require('cmp.config.default')
077.239  000.346  000.099: require('cmp.config')
077.412  000.072  000.072: require('cmp.matcher')
077.419  000.179  000.107: require('cmp.entry')
077.427  000.625  000.100: require('cmp.source')
077.578  000.069  000.069: require('cmp.utils.event')
077.743  000.086  000.086: require('cmp.utils.window')
077.747  000.166  000.080: require('cmp.view.docs_view')
077.918  000.075  000.075: require('cmp.utils.autocmd')
077.928  000.179  000.104: require('cmp.view.custom_entries_view')
078.026  000.096  000.096: require('cmp.view.wildmenu_entries_view')
078.112  000.083  000.083: require('cmp.view.native_entries_view')
078.191  000.077  000.077: require('cmp.view.ghost_text_view')
078.201  000.773  000.102: require('cmp.view')
078.258  002.945  000.203: require('cmp.core')
078.497  000.087  000.087: require('cmp.config.sources')
078.572  000.071  000.071: require('cmp.config.window')
078.633  003.574  000.471: require('cmp')
079.880  000.089  000.089: require('luasnip.loaders.util')
079.967  000.082  000.082: require('luasnip.nodes.snippetProxy')
079.973  000.308  000.137: require('luasnip.loaders.from_vscode')
089.624  000.091  000.091: require('nvim-tree.iterators.node-iterator')
089.674  000.796  000.705: require('nvim-tree.utils')
089.683  000.885  000.090: require('nvim-tree.events')
089.931  000.076  000.076: require('nvim-tree.log')
090.096  000.161  000.161: require('nvim-tree.git.utils')
090.186  000.087  000.087: require('nvim-tree.git.runner')
090.274  000.086  000.086: require('nvim-tree.watcher')
090.279  000.509  000.100: require('nvim-tree.git')
090.362  000.081  000.081: require('nvim-tree.explorer.watch')
090.440  000.076  000.076: require('nvim-tree.explorer.common')
090.599  000.082  000.082: require('nvim-tree.explorer.node-builders')
090.680  000.079  000.079: require('nvim-tree.explorer.sorters')
090.758  000.075  000.075: require('nvim-tree.explorer.filters')
090.981  000.140  000.140: require('nvim-tree.view')
090.987  000.227  000.087: require('nvim-tree.live-filter')
090.989  000.547  000.085: require('nvim-tree.explorer.explore')
091.072  000.081  000.081: require('nvim-tree.explorer.reload')
091.148  001.463  000.170: require('nvim-tree.explorer')
091.152  002.428  000.080: require('nvim-tree.core')
091.249  000.096  000.096: require('nvim-tree.diagnostics')
091.332  000.080  000.080: require('nvim-tree.renderer.components.padding')
091.413  000.078  000.078: require('nvim-tree.renderer.components.icons')
091.499  000.084  000.084: require('nvim-tree.renderer.components.full-name')
091.577  000.076  000.076: require('nvim-tree.renderer.help')
091.673  000.093  000.093: require('nvim-tree.renderer.components.git')
091.774  000.099  000.099: require('nvim-tree.renderer.builder')
091.858  000.081  000.081: require('nvim-tree.marks')
091.866  003.232  000.118: require('nvim-tree.renderer')
091.946  000.076  000.076: require('nvim-tree.actions.tree-modifiers.collapse-all')
092.019  000.070  000.070: require('nvim-tree.actions.root.dir-up')
092.101  000.079  000.079: require('nvim-tree.actions.root.change-dir')
092.200  000.096  000.096: require('nvim-tree.actions.reloaders.reloaders')
092.275  000.073  000.073: require('nvim-tree.actions.finders.find-file')
092.278  003.742  000.116: require('nvim-tree.lib')
092.368  000.088  000.088: require('nvim-tree.colors')
092.477  000.106  000.106: require('nvim-tree.legacy')
092.580  000.101  000.101: require('nvim-tree.actions.fs.copy-paste')
092.747  000.078  000.078: require('nvim-tree.actions.tree-modifiers.expand-all')
092.821  000.071  000.071: require('nvim-tree.actions.tree-modifiers.toggles')
092.906  000.081  000.081: require('nvim-tree.actions.fs.create-file')
092.986  000.077  000.077: require('nvim-tree.actions.fs.rename-file')
093.085  000.096  000.096: require('nvim-tree.actions.fs.trash')
093.169  000.082  000.082: require('nvim-tree.actions.fs.remove-file')
093.245  000.072  000.072: require('nvim-tree.actions.moves.parent')
093.320  000.072  000.072: require('nvim-tree.actions.moves.sibling')
093.392  000.069  000.069: require('nvim-tree.actions.moves.item')
093.476  000.078  000.078: require('nvim-tree.actions.finders.search-node')
093.548  000.070  000.070: require('nvim-tree.actions.node.run-command')
093.625  000.074  000.074: require('nvim-tree.actions.node.file-popup')
093.710  000.083  000.083: require('nvim-tree.actions.node.system-open')
093.788  000.075  000.075: require('nvim-tree.marks.bulk-move')
093.792  001.208  000.130: require('nvim-tree.actions.dispatch')
093.814  005.471  000.226: require('nvim-tree')
096.934  000.166  000.166: require('nvim-tree.actions')
097.047  000.106  000.106: require('nvim-tree.actions.node.open-file')
098.222  000.086  000.086: require('nvim-tree.marks.navigation')
098.227  000.224  000.137: require('nvim-tree.api')
098.242  000.355  000.131: require('nvim-tree.keymap')
098.861  000.094  000.094: require('marks.utils')
098.868  000.199  000.106: require('marks.mark')
098.967  000.097  000.097: require('marks.bookmark')
098.999  000.444  000.147: require('marks')
099.326  000.101  000.101: require('ufo')
099.554  000.105  000.105: require('ufo.utils')
099.811  000.075  000.075: require('promise-async.utils')
099.892  000.078  000.078: require('promise-async.error')
099.979  000.080  000.080: require('promise-async.loop')
099.988  000.343  000.110: require('promise')
100.108  000.117  000.117: require('ufo.lib.log')
100.112  000.555  000.094: require('ufo.provider')
100.296  000.093  000.093: require('ufo.config')
100.454  000.081  000.081: require('promise-async.compat')
100.459  000.160  000.079: require('async')
100.599  000.068  000.068: require('ufo.lib.disposable')
100.603  000.142  000.074: require('ufo.lib.event')
100.854  000.079  000.079: require('ufo.model.buffer')
100.931  000.075  000.075: require('ufo.model.foldedline')
100.937  000.248  000.094: require('ufo.model.foldbuffer')
101.018  000.079  000.079: require('ufo.bufmanager')
101.195  000.028  000.028: require('ffi')
101.228  000.132  000.104: require('ufo.wffi')
101.231  000.211  000.079: require('ufo.fold.driver')
101.235  000.631  000.094: require('ufo.fold.manager')
101.319  000.080  000.080: require('ufo.lib.debounce')
101.392  001.279  000.173: require('ufo.fold')
101.651  000.077  000.077: require('ufo.highlight')
101.726  000.072  000.072: require('ufo.render.extmark')
101.902  000.103  000.103: require('vim.treesitter.highlighter')
101.905  000.176  000.073: require('ufo.render.treesitter')
101.984  000.077  000.077: require('ufo.render.match')
101.988  000.495  000.092: require('ufo.render')
101.992  000.597  000.102: require('ufo.decorator')
102.255  000.163  000.163: require('ufo.preview.floatwin')
102.338  000.080  000.080: require('ufo.preview.scrollbar')
102.420  000.080  000.080: require('ufo.preview.winbar')
102.503  000.080  000.080: require('ufo.preview.keymap')
102.512  000.518  000.114: require('ufo.preview')
102.519  003.159  000.105: require('ufo.main')
102.962  000.081  000.081: require('nvim-autopairs._log')
103.063  000.097  000.097: require('nvim-autopairs.utils')
103.331  000.100  000.100: require('nvim-autopairs.conds')
103.338  000.188  000.088: require('nvim-autopairs.rule')
103.340  000.274  000.086: require('nvim-autopairs.rules.basic')
103.350  000.615  000.162: require('nvim-autopairs')
104.059  000.093  000.093: require('dap.utils')
104.126  000.350  000.256: require('dap')
104.558  000.114  000.114: require('dapui.config')
104.564  000.211  000.098: require('dapui.util')
104.739  000.099  000.099: require('dapui.render.canvas')
104.823  000.081  000.081: require('dapui.render.loop')
104.826  000.259  000.080: require('dapui.render')
104.918  000.090  000.090: require('dapui.windows.layout')
104.922  000.668  000.107: require('dapui.windows')
104.929  000.800  000.132: require('dapui')
105.255  000.109  000.109: require('dapui.config.highlights')
105.436  000.116  000.116: require('dapui.state')
105.531  000.081  000.081: require('dapui.elements.repl')
105.656  000.121  000.121: require('dapui.elements.console')
105.894  000.084  000.084: require('dapui.components.variables')
105.898  000.163  000.080: require('dapui.components.hover')
105.901  000.238  000.075: require('dapui.elements.hover')
105.975  000.070  000.070: require('dapui.elements.stacks')
106.134  000.075  000.075: require('dapui.components.frames')
106.137  000.159  000.084: require('dapui.components.threads')
106.307  000.165  000.165: require('dapui.elements.breakpoints')
106.506  000.091  000.091: require('dapui.components.buf_breakpoints')
106.510  000.197  000.106: require('dapui.components.breakpoints')
106.599  000.080  000.080: require('dapui.elements.scopes')
106.682  000.080  000.080: require('dapui.components.scopes')
106.763  000.075  000.075: require('dapui.elements.watches')
106.853  000.088  000.088: require('dapui.components.watches')
107.611  000.151  000.151: require('nvim-dap-virtual-text')
107.776  000.098  000.098: require('Comment')
107.972  000.086  000.086: require('Comment.config')
108.192  000.123  000.123: require('Comment.ft')
108.199  000.225  000.102: require('Comment.utils')
108.285  000.084  000.084: require('Comment.opfunc')
108.363  000.076  000.076: require('Comment.extra')
108.371  000.592  000.121: require('Comment.api')
108.855  000.181  000.181: require('nvim-surround.config')
108.862  000.282  000.101: require('nvim-surround.buffer')
108.941  000.077  000.077: require('nvim-surround.cache')
109.098  000.076  000.076: require('nvim-surround.patterns')
109.102  000.158  000.082: require('nvim-surround.utils')
109.106  000.634  000.116: require('nvim-surround')
109.823  000.088  000.088: require('telescope._extensions')
109.828  000.203  000.116: require('telescope')
110.073  000.076  000.076: require('telescope.state')
110.507  000.088  000.088: require('plenary.bit')
110.590  000.079  000.079: require('plenary.functional')
110.620  000.337  000.171: require('plenary.path')
110.629  000.428  000.091: require('plenary.strings')
110.706  000.075  000.075: require('telescope.deprecated')
111.142  000.185  000.185: require('plenary.log')
111.169  000.318  000.133: require('telescope.log')
111.435  000.131  000.131: require('plenary.job')
111.446  000.275  000.144: require('telescope.utils')
111.534  000.825  000.232: require('telescope.sorters')
113.779  003.703  002.375: require('telescope.config')
113.785  003.866  000.087: require('telescope.actions.state')
115.134  000.109  000.109: require('telescope.config.resolve')
115.220  000.082  000.082: require('telescope.pickers.window')
115.249  001.461  001.270: require('telescope.pickers.layout_strategies')
115.338  000.087  000.087: require('telescope.actions.mt')
115.360  005.529  000.115: require('telescope.actions.layout')
115.450  000.087  000.087: require('telescope.themes')
118.205  000.109  000.109: require('telescope._extensions.dash')
118.291  000.080  000.080: require('dash')
120.361  002.067  002.067: require('libdash_nvim')
120.896  000.364  000.364: require('fzf_lib')
120.905  000.484  000.120: require('telescope._extensions.fzf')
121.235  000.095  000.095: require('telescope._extensions.file_browser.utils')
121.636  000.104  000.104: require('plenary.window.border')
121.715  000.076  000.076: require('plenary.window')
121.788  000.070  000.070: require('plenary.popup.utils')
121.793  000.378  000.128: require('plenary.popup')
121.872  000.078  000.078: require('telescope.pickers.scroller')
121.959  000.083  000.083: require('telescope.actions.utils')
122.063  000.102  000.102: require('telescope.actions.set')
122.145  000.079  000.079: require('telescope.pickers.entry_display')
122.217  000.070  000.070: require('telescope.from_entry')
122.460  001.222  000.433: require('telescope.actions')
122.527  001.523  000.206: require('telescope._extensions.file_browser.actions')
122.740  000.111  000.111: require('telescope._extensions.file_browser.make_entry')
123.189  000.070  000.070: require('plenary.tbl')
123.194  000.149  000.080: require('plenary.vararg.rotate')
123.196  000.222  000.072: require('plenary.vararg')
123.273  000.075  000.075: require('plenary.errors')
123.281  000.382  000.085: require('plenary.async.async')
123.572  000.071  000.071: require('plenary.async.structs')
123.581  000.159  000.088: require('plenary.async.control')
123.589  000.238  000.079: require('plenary.async.util')
123.591  000.308  000.070: require('plenary.async.tests')
123.594  000.773  000.084: require('plenary.async')
123.748  000.069  000.069: require('plenary.class')
123.762  000.167  000.098: require('telescope._')
123.957  000.193  000.193: require('telescope.make_entry')
123.960  001.217  000.084: require('telescope.finders.async_oneshot_finder')
124.170  000.092  000.092: require('telescope.finders.async_static_finder')
124.262  000.089  000.089: require('telescope.finders.async_job_finder')
124.272  000.309  000.128: require('telescope.finders')
124.444  000.171  000.171: require('plenary.scandir')
124.496  001.967  000.159: require('telescope._extensions.file_browser.finders')
124.933  000.156  000.156: require('telescope.debounce')
125.130  000.194  000.194: require('telescope.mappings')
125.248  000.113  000.113: require('telescope.pickers.highlights')
125.447  000.097  000.097: require('telescope.algos.linked_list')
125.453  000.202  000.105: require('telescope.entry_manager')
125.542  000.086  000.086: require('telescope.pickers.multi')
125.567  000.975  000.223: require('telescope.pickers')
125.570  001.072  000.097: require('telescope._extensions.file_browser.picker')
125.689  000.116  000.116: require('telescope._extensions.file_browser.config')
125.693  004.780  000.102: require('telescope._extensions.file_browser')
126.213  000.089  000.089: require('telescope.previewers.previewer')
126.442  000.226  000.226: require('telescope.previewers.term_previewer')
126.887  000.090  000.090: require('plenary.context_manager')
127.257  000.141  000.141: require('nvim-treesitter.info')
127.385  000.125  000.125: require('nvim-treesitter.shell_command_selectors')
127.425  000.450  000.184: require('nvim-treesitter.install')
127.521  000.093  000.093: require('nvim-treesitter.statusline')
127.646  000.122  000.122: require('nvim-treesitter.query_predicates')
127.650  000.758  000.093: require('nvim-treesitter')
127.658  001.021  000.172: require('telescope.previewers.utils')
129.745  002.013  002.013: require('plenary.filetype')
129.827  003.382  000.348: require('telescope.previewers.buffer_previewer')
129.834  003.813  000.117: require('telescope.previewers')
141.025  011.188  011.188: require('telescope._extensions.packer.plugin_list')
141.071  015.171  000.170: require('telescope._extensions.packer')
141.226  000.142  000.142: require('telescope._extensions.ui-select')
141.340  000.098  000.098: require('vim.ui')
141.865  000.199  000.199: require('telescope.builtin.__lsp')
141.920  000.438  000.238: require('telescope.builtin')
141.927  000.565  000.127: require('telescope._extensions.dap')
142.082  000.153  000.153: require('dap.ui')
142.433  000.167  000.167: require('beps.mac')
142.437  130.007  028.878: sourcing /Users/beps/.config/nvim/init.lua
142.454  004.043: sourcing vimrc file(s)
144.343  001.763  001.763: require('vim.filetype')
144.352  001.805  000.042: sourcing /Users/beps/.config/nvim/filetype.lua
145.288  000.032  000.032: sourcing /Users/beps/.local/share/nvim/site/pack/packer/start/cheatsheet.nvim/ftdetect/cheatsheet.vim
145.563  000.020  000.020: sourcing /Users/beps/.local/share/nvim/site/pack/packer/start/LuaSnip/ftdetect/snippets.vim
145.836  000.075  000.075: sourcing /Users/beps/.local/share/nvim/site/pack/packer/start/Nvim-R/ftdetect/r.vim
146.167  000.019  000.019: sourcing /Users/beps/.local/share/nvim/site/pack/packer/start/vim-fugitive/ftdetect/fugitive.vim
146.888  001.885  001.738: sourcing /Users/beps/sw/nvim-macos/share/nvim/runtime/filetype.lua
146.993  000.022  000.022: sourcing /Users/beps/sw/nvim-macos/share/nvim/runtime/filetype.vim
147.638  000.117  000.117: sourcing /Users/beps/sw/nvim-macos/share/nvim/runtime/syntax/synload.vim
147.993  000.847  000.730: sourcing /Users/beps/sw/nvim-macos/share/nvim/runtime/syntax/syntax.vim
150.748  000.022  000.022: sourcing /Users/beps/sw/nvim-macos/share/nvim/runtime/plugin/gzip.vim
150.825  000.015  000.015: sourcing /Users/beps/sw/nvim-macos/share/nvim/runtime/plugin/health.vim
150.899  000.017  000.017: sourcing /Users/beps/sw/nvim-macos/share/nvim/runtime/plugin/matchit.vim
150.970  000.015  000.015: sourcing /Users/beps/sw/nvim-macos/share/nvim/runtime/plugin/matchparen.vim
151.051  000.024  000.024: sourcing /Users/beps/sw/nvim-macos/share/nvim/runtime/plugin/netrwPlugin.vim
151.363  000.017  000.017: sourcing /Users/beps/.local/share/nvim/rplugin.vim
151.373  000.264  000.247: sourcing /Users/beps/sw/nvim-macos/share/nvim/runtime/plugin/rplugin.vim
151.516  000.085  000.085: sourcing /Users/beps/sw/nvim-macos/share/nvim/runtime/plugin/shada.vim
151.617  000.030  000.030: sourcing /Users/beps/sw/nvim-macos/share/nvim/runtime/plugin/spellfile.vim
151.699  000.021  000.021: sourcing /Users/beps/sw/nvim-macos/share/nvim/runtime/plugin/tarPlugin.vim
151.784  000.016  000.016: sourcing /Users/beps/sw/nvim-macos/share/nvim/runtime/plugin/tohtml.vim
151.875  000.026  000.026: sourcing /Users/beps/sw/nvim-macos/share/nvim/runtime/plugin/tutor.vim
151.955  000.022  000.022: sourcing /Users/beps/sw/nvim-macos/share/nvim/runtime/plugin/zipPlugin.vim
153.750  000.117  000.117: require('cmp.utils.highlight')
154.341  000.763  000.647: sourcing /Users/beps/.local/share/nvim/site/pack/packer/start/nvim-cmp/plugin/cmp.lua
156.426  004.157  003.393: sourcing /Users/beps/.config/nvim/plugin/packer_compiled.lua
157.139  000.068  000.068: sourcing /Users/beps/sw/nvim-macos/share/nvim/runtime/plugin/man.lua
157.178  005.383: loading rtp plugins
158.453  000.064  000.064: sourcing /Users/beps/.local/share/nvim/site/pack/packer/start/cheatsheet.nvim/plugin/cheatsheet.vim
159.692  000.205  000.205: sourcing /Users/beps/.local/share/nvim/site/pack/packer/start/Comment.nvim/plugin/Comment.lua
160.118  000.117  000.117: require('dash.startup')
164.072  004.121  004.003: sourcing /Users/beps/.local/share/nvim/site/pack/packer/start/dash.nvim/plugin/dash.vim
164.958  000.083  000.083: require('diffview.lazy')
165.087  000.124  000.124: require('diffview.oop')
165.118  000.342  000.135: require('diffview.events')
165.194  000.571  000.229: require('diffview.bootstrap')
165.216  000.646  000.075: sourcing /Users/beps/.local/share/nvim/site/pack/packer/start/diffview.nvim/plugin/diffview.lua
166.250  000.106  000.106: require('indent_blankline.commands')
166.335  000.355  000.250: sourcing /Users/beps/.local/share/nvim/site/pack/packer/start/indent-blankline.nvim/plugin/indent_blankline.vim
167.103  000.211  000.211: sourcing /Users/beps/.local/share/nvim/site/pack/packer/start/LuaSnip/plugin/luasnip.vim
168.048  000.493  000.493: sourcing /Users/beps/.local/share/nvim/site/pack/packer/start/marks.nvim/plugin/marks.vim
168.446  000.035  000.035: sourcing /Users/beps/.local/share/nvim/site/pack/packer/start/nightfox.nvim/plugin/nightfox.vim
169.082  000.040  000.040: sourcing /Users/beps/.local/share/nvim/site/pack/packer/start/nvim-cmp/plugin/cmp.lua
169.534  000.110  000.110: sourcing /Users/beps/.local/share/nvim/site/pack/packer/start/nvim-dap/plugin/dap.lua
171.205  000.370  000.370: require('nvim-treesitter.highlight')
171.578  001.154  000.783: sourcing /Users/beps/.local/share/nvim/site/pack/packer/start/nvim-treesitter/plugin/nvim-treesitter.lua
173.619  001.603  001.603: require('treesitter-context')
173.629  001.641  000.038: sourcing /Users/beps/.local/share/nvim/site/pack/packer/start/nvim-treesitter-context/plugin/treesitter-context.vim
174.696  000.316  000.316: require('nvim-treesitter-textobjects')
175.793  000.284  000.284: require('nvim-treesitter.textobjects.shared')
175.823  000.575  000.291: require('nvim-treesitter.textobjects.select')
176.270  000.192  000.192: require('nvim-treesitter.textobjects.attach')
176.312  000.448  000.256: require('nvim-treesitter.textobjects.move')
176.643  000.207  000.207: require('nvim-treesitter.textobjects.swap')
176.932  000.241  000.241: require('nvim-treesitter.textobjects.lsp_interop')
176.984  002.669  000.882: sourcing /Users/beps/.local/share/nvim/site/pack/packer/start/nvim-treesitter-textobjects/plugin/nvim-treesitter-textobjects.vim
177.699  000.073  000.073: sourcing /Users/beps/.local/share/nvim/site/pack/packer/start/nvim-web-devicons/plugin/nvim-web-devicons.vim
178.477  000.053  000.053: sourcing /Users/beps/.local/share/nvim/site/pack/packer/start/plenary.nvim/plugin/plenary.vim
179.190  000.101  000.101: sourcing /Users/beps/.local/share/nvim/site/pack/packer/start/rainbow_csv/plugin/rainbow_csv.vim
179.926  000.302  000.302: sourcing /Users/beps/.local/share/nvim/site/pack/packer/start/sexy_scroller.vim/plugin/sexy_scroller.vim
180.602  000.272  000.272: sourcing /Users/beps/.local/share/nvim/site/pack/packer/start/tabular/plugin/Tabular.vim
182.163  000.554  000.554: sourcing /Users/beps/.local/share/nvim/site/pack/packer/start/telescope.nvim/plugin/telescope.lua
183.877  001.285  001.285: sourcing /Users/beps/.local/share/nvim/site/pack/packer/start/vim-fugitive/plugin/fugitive.vim
184.224  012.663: loading packages
185.975  000.295  000.295: sourcing /Users/beps/.local/share/nvim/site/pack/packer/start/tabular/autoload/tabular.vim
188.221  003.022  002.727: sourcing /Users/beps/.local/share/nvim/site/pack/packer/start/tabular/after/plugin/TabularMaps.vim
189.227  000.312  000.312: require('cmp_cmdline')
189.289  000.435  000.123: sourcing /Users/beps/.local/share/nvim/site/pack/packer/start/cmp-cmdline/after/plugin/cmp_cmdline.lua
190.124  000.347  000.347: require('dap.repl')
190.142  000.568  000.220: require('cmp_dap')
190.187  000.670  000.102: sourcing /Users/beps/.local/share/nvim/site/pack/packer/start/cmp-dap/after/plugin/cmp_dap.lua
190.842  000.192  000.192: require('cmp_nvim_lsp.source')
190.864  000.364  000.172: require('cmp_nvim_lsp')
190.899  000.477  000.114: sourcing /Users/beps/.local/share/nvim/site/pack/packer/start/cmp-nvim-lsp/after/plugin/cmp_nvim_lsp.lua
191.635  000.304  000.304: require('cmp_nvim_lsp_signature_help')
191.696  000.559  000.254: sourcing /Users/beps/.local/share/nvim/site/pack/packer/start/cmp-nvim-lsp-signature-help/after/plugin/cmp_nvim_lsp_signature_help.lua
192.303  000.211  000.211: require('cmp_nvim_lua')
192.361  000.383  000.172: sourcing /Users/beps/.local/share/nvim/site/pack/packer/start/cmp-nvim-lua/after/plugin/cmp_nvim_lua.lua
192.982  000.223  000.223: require('cmp_luasnip')
193.062  000.385  000.162: sourcing /Users/beps/.local/share/nvim/site/pack/packer/start/cmp_luasnip/after/plugin/cmp_luasnip.lua
194.244  000.200  000.200: require('cmp_buffer.timer')
194.261  000.410  000.210: require('cmp_buffer.buffer')
194.276  000.612  000.203: require('cmp_buffer.source')
194.279  000.775  000.163: require('cmp_buffer')
194.330  000.909  000.134: sourcing /Users/beps/.local/share/nvim/site/pack/packer/opt/cmp-buffer/after/plugin/cmp_buffer.lua
199.145  004.342  004.342: require('cmp_latex_symbols/items')
199.153  004.521  000.180: require('cmp_latex_symbols')
199.182  004.611  000.089: sourcing /Users/beps/.local/share/nvim/site/pack/packer/opt/cmp-latex-symbols/after/plugin/cmp_latex.lua
199.704  000.153  000.153: require('cmp_path')
199.732  000.223  000.069: sourcing /Users/beps/.local/share/nvim/site/pack/packer/opt/cmp-path/after/plugin/cmp_path.lua
199.738  003.841: loading after plugins
199.758  000.020: inits 3
204.497  004.739: reading ShaDa
205.138  000.123  000.123: require('luasnip.loaders.from_lua')
205.270  000.104  000.104: require('luasnip.loaders.from_snipmate')
205.363  000.639: opening buffers
207.367  001.284  001.284: sourcing /Users/beps/.local/share/nvim/site/pack/packer/start/rainbow_csv/autoload/rainbow_csv.vim
207.905  001.259: BufEnter autocommands
207.909  000.004: editing files in windows
210.007  002.098: VimEnter autocommands
210.011  000.004: UIEnter autocommands
210.824  000.350  000.350: sourcing /Users/beps/sw/nvim-macos/share/nvim/runtime/autoload/provider/clipboard.vim
210.835  000.475: before starting main loop
211.420  000.584: first screen update
211.423  000.003: --- NVIM STARTED ---
